{
  "RSpec": {
    "coverage": {
      "/Users/angusmcleod/discourse/discourse/plugins/discourse-landing-pages/lib/landing_pages/engine.rb": {
        "lines": [
          null,
          null,
          1,
          1,
          1,
          1,
          null,
          null,
          1,
          1,
          null,
          1,
          0,
          0,
          null,
          null,
          null
        ]
      },
      "/Users/angusmcleod/discourse/discourse/plugins/discourse-landing-pages/lib/landing_pages/menu.rb": {
        "lines": [
          null,
          null,
          1,
          1,
          1,
          null,
          1,
          null,
          1,
          null,
          1,
          null,
          null,
          1,
          18,
          null,
          null,
          1,
          10,
          10,
          null,
          null,
          1,
          10,
          null,
          10,
          40,
          20,
          null,
          20,
          19,
          19,
          null,
          19,
          null,
          null,
          null,
          null,
          1,
          9,
          null,
          9,
          8,
          null,
          8,
          16,
          16,
          null,
          null,
          8,
          null,
          1,
          null,
          null,
          null,
          1,
          9,
          18,
          1,
          null,
          null,
          null,
          null,
          1,
          9,
          null,
          null,
          1,
          0,
          0,
          null,
          null,
          null,
          null,
          null,
          1,
          5,
          null,
          null,
          1,
          5,
          null,
          5,
          0,
          0,
          null,
          null,
          null,
          null,
          null,
          1,
          9,
          9,
          9,
          9,
          9,
          null,
          null,
          1,
          1,
          null,
          null,
          1,
          0,
          null,
          null,
          1,
          1,
          1,
          null,
          null,
          null,
          1,
          5,
          null,
          null,
          1,
          6,
          null,
          null
        ]
      },
      "/Users/angusmcleod/discourse/discourse/plugins/discourse-landing-pages/lib/landing_pages/asset.rb": {
        "lines": [
          null,
          null,
          1,
          1,
          null,
          1,
          1,
          1,
          null,
          1,
          null,
          1,
          null,
          null,
          1,
          null,
          1,
          18,
          null,
          null,
          1,
          40,
          null,
          null,
          1,
          23,
          23,
          null,
          null,
          1,
          23,
          null,
          23,
          92,
          46,
          null,
          46,
          29,
          29,
          null,
          null,
          null,
          23,
          6,
          null,
          6,
          6,
          null,
          0,
          0,
          null,
          null,
          null,
          null,
          1,
          18,
          null,
          18,
          17,
          17,
          null,
          17,
          34,
          34,
          null,
          null,
          17,
          null,
          1,
          null,
          null,
          null,
          1,
          18,
          36,
          1,
          null,
          null,
          null,
          null,
          1,
          18,
          null,
          null,
          1,
          17,
          null,
          17,
          1,
          null,
          1,
          1,
          null,
          1,
          1,
          null,
          0,
          null,
          null,
          1,
          1,
          1,
          1,
          1,
          1,
          null,
          0,
          0,
          null,
          null,
          null,
          null,
          null,
          17,
          16,
          16,
          16,
          null,
          null,
          17,
          0,
          null,
          null,
          null,
          1,
          1,
          0,
          0,
          null,
          null,
          null,
          null,
          null,
          1,
          10,
          null,
          null,
          1,
          10,
          null,
          10,
          0,
          0,
          0,
          null,
          null,
          null,
          null,
          null,
          1,
          17,
          17,
          17,
          17,
          17,
          17,
          null,
          null,
          1,
          1,
          null,
          null,
          1,
          3,
          6,
          null,
          null,
          null,
          1,
          10,
          null,
          null,
          1,
          13,
          null,
          null
        ]
      },
      "/Users/angusmcleod/discourse/discourse/plugins/discourse-landing-pages/lib/landing_pages/page.rb": {
        "lines": [
          null,
          null,
          1,
          1,
          1,
          null,
          1,
          null,
          1,
          null,
          1,
          89,
          null,
          null,
          1,
          68,
          null,
          null,
          1,
          68,
          null,
          null,
          1,
          68,
          null,
          null,
          1,
          30,
          30,
          null,
          null,
          1,
          31,
          null,
          31,
          496,
          248,
          null,
          248,
          138,
          138,
          138,
          null,
          138,
          null,
          null,
          null,
          null,
          1,
          20,
          null,
          20,
          18,
          null,
          18,
          144,
          144,
          null,
          null,
          18,
          null,
          2,
          null,
          null,
          null,
          1,
          20,
          60,
          1,
          null,
          null,
          null,
          20,
          null,
          1,
          null,
          null,
          null,
          1,
          20,
          null,
          null,
          1,
          0,
          0,
          null,
          null,
          null,
          null,
          null,
          1,
          17,
          null,
          null,
          1,
          15,
          null,
          15,
          7,
          7,
          null,
          null,
          null,
          null,
          null,
          1,
          21,
          20,
          20,
          null,
          1,
          null,
          null,
          21,
          null,
          null,
          1,
          19,
          19,
          null,
          19,
          19,
          152,
          84,
          1,
          null,
          null,
          84,
          1,
          1,
          null,
          null,
          84,
          null,
          null,
          null,
          19,
          19,
          19,
          null,
          null,
          1,
          1,
          null,
          null,
          1,
          2,
          4,
          null,
          null,
          null,
          1,
          39,
          null,
          null,
          1,
          37,
          null,
          null,
          1,
          20,
          21480,
          null,
          null,
          null,
          1,
          10,
          2,
          1,
          1,
          0,
          null,
          null,
          null,
          2,
          null,
          null,
          10,
          1,
          1,
          1,
          1,
          0,
          0,
          0,
          null,
          null,
          null,
          null,
          1,
          null,
          null,
          10,
          null,
          null
        ]
      },
      "/Users/angusmcleod/discourse/discourse/plugins/discourse-landing-pages/lib/landing_pages/global.rb": {
        "lines": [
          null,
          null,
          1,
          1,
          null,
          1,
          null,
          1,
          16,
          null,
          null,
          1,
          9,
          null,
          null,
          1,
          9,
          null,
          9,
          54,
          27,
          27,
          null,
          null,
          null,
          1,
          7,
          null,
          7,
          7,
          null,
          7,
          21,
          21,
          null,
          null,
          7,
          null,
          0,
          null,
          null,
          null,
          1,
          null,
          null,
          null,
          1,
          7,
          null,
          null,
          1,
          3,
          2,
          null,
          null,
          null,
          null,
          null,
          1,
          1,
          null,
          null,
          1,
          0,
          0,
          null,
          null
        ]
      },
      "/Users/angusmcleod/discourse/discourse/plugins/discourse-landing-pages/lib/landing_pages/remote.rb": {
        "lines": [
          null,
          null,
          1,
          1,
          1,
          null,
          1,
          null,
          1,
          28,
          null,
          null,
          1,
          19,
          190,
          95,
          null,
          null,
          null,
          1,
          0,
          null,
          null,
          1,
          13,
          null,
          13,
          9,
          54,
          9,
          9,
          null,
          null,
          null,
          1,
          13,
          null,
          null,
          1,
          13,
          4,
          null,
          null,
          null,
          1,
          14,
          null,
          null,
          1,
          1,
          null,
          1,
          null,
          null,
          null,
          null,
          null,
          1,
          1,
          1,
          1,
          null,
          1,
          1,
          null,
          null,
          null,
          null,
          1,
          9,
          null,
          null,
          1,
          9,
          9,
          9,
          9,
          null,
          null,
          1,
          10,
          null,
          null,
          1,
          2,
          null,
          null,
          1,
          27,
          null,
          null,
          1,
          2,
          null,
          2,
          2,
          null,
          2,
          1,
          1,
          1,
          1,
          1,
          null,
          null,
          null,
          2,
          null,
          null,
          null
        ]
      },
      "/Users/angusmcleod/discourse/discourse/plugins/discourse-landing-pages/lib/landing_pages/updater.rb": {
        "lines": [
          1,
          1,
          null,
          1,
          1,
          null,
          1,
          6,
          6,
          null,
          6,
          null,
          null,
          null,
          null,
          null,
          null,
          null,
          null,
          1,
          8,
          8,
          8,
          null,
          8,
          null,
          8,
          5,
          null,
          null,
          null,
          null,
          null,
          null,
          null,
          8,
          5,
          null,
          null,
          null,
          null,
          8,
          8,
          null,
          null,
          null,
          null,
          null,
          null,
          null,
          null,
          null,
          null,
          null,
          1,
          8,
          null,
          8,
          8,
          null,
          8,
          8,
          null,
          0,
          0,
          null,
          null,
          8,
          0,
          null,
          8,
          null,
          null,
          null,
          1,
          5,
          10,
          10,
          null,
          10,
          10,
          null,
          10,
          10,
          null,
          0,
          0,
          null,
          null,
          10,
          0,
          null,
          10,
          null,
          null,
          null,
          null,
          1,
          5,
          5,
          5,
          5,
          null,
          5,
          5,
          null,
          5,
          5,
          5,
          5,
          null,
          null,
          5,
          5,
          null,
          5,
          null,
          null,
          5,
          null,
          5,
          5,
          null,
          0,
          0,
          null,
          null,
          5,
          0,
          null,
          5,
          null,
          null,
          null,
          null,
          5,
          5,
          5,
          5,
          5,
          null,
          null,
          null,
          1,
          24,
          24,
          null,
          null,
          18,
          0,
          0,
          null,
          null,
          null
        ]
      },
      "/Users/angusmcleod/discourse/discourse/plugins/discourse-landing-pages/lib/landing_pages/import_export/git_importer.rb": {
        "lines": [
          null,
          null,
          1,
          1,
          null,
          1,
          8,
          8,
          0,
          0,
          null,
          8,
          8,
          8,
          null,
          null,
          1,
          0,
          null,
          null,
          0,
          null,
          null,
          null,
          null,
          0,
          null,
          null,
          0,
          null,
          null,
          1,
          null,
          1,
          0,
          0,
          0,
          0,
          0,
          null,
          null
        ]
      },
      "/Users/angusmcleod/discourse/discourse/plugins/discourse-landing-pages/lib/landing_pages/import_export/zip_exporter.rb": {
        "lines": [
          null,
          null,
          1,
          1,
          0,
          0,
          0,
          0,
          null,
          null,
          1,
          0,
          0,
          null,
          0,
          null,
          0,
          0,
          null,
          0,
          null,
          0,
          0,
          0,
          null,
          0,
          null,
          null,
          null,
          0,
          0,
          0,
          0,
          null,
          null,
          null,
          null,
          0,
          null,
          null,
          0,
          null,
          0,
          0,
          0,
          0,
          0,
          0,
          null,
          null,
          null,
          0,
          null,
          null,
          1,
          null,
          1,
          0,
          null,
          null,
          0,
          null,
          null,
          0,
          0,
          null,
          null
        ]
      },
      "/Users/angusmcleod/discourse/discourse/plugins/discourse-landing-pages/lib/landing_pages/import_export/zip_importer.rb": {
        "lines": [
          null,
          null,
          1,
          1,
          null,
          1,
          0,
          0,
          0,
          null,
          null
        ]
      },
      "/Users/angusmcleod/discourse/discourse/plugins/discourse-landing-pages/lib/landing_pages/importer.rb": {
        "lines": [
          null,
          null,
          1,
          1,
          null,
          null,
          1,
          null,
          null,
          null,
          1,
          3,
          3,
          null,
          null,
          1,
          2,
          2,
          2,
          null,
          null,
          1,
          3,
          0,
          null,
          null,
          null,
          null,
          3,
          3,
          3,
          null,
          null,
          null,
          null,
          null,
          null,
          3,
          0,
          null,
          null,
          3,
          0,
          0,
          null,
          null,
          null,
          null,
          1,
          2,
          18,
          8,
          8,
          8,
          null,
          18,
          null,
          null,
          null,
          1,
          1,
          null,
          null,
          1,
          2,
          null,
          2,
          4,
          null,
          4,
          0,
          null,
          4,
          null,
          null,
          null,
          null,
          1,
          2,
          null,
          null,
          1,
          8,
          null,
          null,
          1,
          0,
          0,
          0,
          0,
          null,
          null,
          1,
          4,
          null,
          4,
          4,
          4,
          null,
          null,
          null
        ]
      },
      "/Users/angusmcleod/discourse/discourse/plugins/discourse-landing-pages/lib/landing_pages/cache.rb": {
        "lines": [
          null,
          null,
          1,
          1,
          0,
          null,
          null,
          1,
          0,
          null,
          null,
          1,
          0,
          null,
          null,
          1,
          0,
          null,
          null,
          1,
          0,
          null,
          null,
          1,
          0,
          null,
          null,
          1,
          0,
          null,
          0,
          0,
          null,
          0,
          0,
          0,
          null,
          null,
          null
        ]
      },
      "/Users/angusmcleod/discourse/discourse/plugins/discourse-landing-pages/lib/landing_page_constraint.rb": {
        "lines": [
          null,
          null,
          1,
          1,
          0,
          null,
          null
        ]
      },
      "/Users/angusmcleod/discourse/discourse/plugins/discourse-landing-pages/config/routes.rb": {
        "lines": [
          1,
          1,
          1,
          1,
          null,
          1,
          1,
          null,
          null,
          1,
          1,
          1,
          1,
          1,
          null,
          null,
          1,
          null,
          null,
          1,
          1,
          1,
          1,
          null
        ]
      },
      "/Users/angusmcleod/discourse/discourse/plugins/discourse-landing-pages/app/controllers/landing_pages/concerns/landing_helper.rb": {
        "lines": [
          1,
          1,
          0,
          null,
          0,
          null,
          0,
          0,
          0,
          0,
          null,
          0,
          0,
          null,
          null,
          null,
          null,
          0,
          0,
          null,
          null,
          null,
          null,
          null,
          null,
          0,
          0,
          null,
          0,
          0,
          null,
          0,
          null,
          null,
          null,
          null,
          null,
          0,
          0,
          null,
          null,
          0,
          null,
          null,
          null,
          null,
          null,
          null,
          null,
          null,
          null,
          null,
          null,
          null,
          null,
          null,
          null,
          1,
          0,
          0,
          null,
          0,
          0,
          null,
          null,
          0,
          0,
          0,
          null,
          null,
          null,
          0,
          null,
          null,
          1,
          0,
          null,
          0,
          0,
          null,
          null,
          0,
          0,
          null,
          null,
          0,
          0,
          0,
          0,
          null,
          0,
          null,
          null,
          0,
          0,
          null,
          0,
          null,
          null
        ]
      },
      "/Users/angusmcleod/discourse/discourse/plugins/discourse-landing-pages/app/serializers/landing_pages/page.rb": {
        "lines": [
          1,
          1,
          null,
          null,
          null,
          null,
          null,
          null,
          null,
          null,
          1,
          0,
          null,
          null
        ]
      },
      "/Users/angusmcleod/discourse/discourse/plugins/discourse-landing-pages/app/serializers/landing_pages/menu.rb": {
        "lines": [
          1,
          1,
          null
        ]
      },
      "/Users/angusmcleod/discourse/discourse/plugins/discourse-landing-pages/app/serializers/landing_pages/remote.rb": {
        "lines": [
          1,
          1,
          null
        ]
      },
      "/Users/angusmcleod/discourse/discourse/plugins/discourse-landing-pages/app/controllers/landing_pages/landing.rb": {
        "lines": [
          1,
          1,
          null,
          1,
          1,
          1,
          1,
          1,
          1,
          null,
          1,
          1,
          1,
          1,
          1,
          1,
          null,
          1,
          0,
          0,
          0,
          null,
          0,
          0,
          0,
          0,
          null,
          null,
          0,
          null,
          0,
          null,
          null,
          null,
          1,
          0,
          null,
          null,
          null,
          null,
          0,
          0,
          0,
          null,
          null,
          null,
          1,
          0,
          0,
          0,
          0,
          null,
          null,
          1,
          null,
          1,
          0,
          null,
          null,
          1,
          0,
          null,
          null,
          1,
          0,
          0,
          null,
          null,
          null,
          1,
          0,
          0,
          0,
          0,
          null,
          null,
          null,
          null,
          null,
          1,
          0,
          null,
          0,
          null,
          0,
          null,
          null,
          null,
          1,
          0,
          0,
          null,
          null,
          null,
          1,
          0,
          0,
          null,
          0,
          null,
          0,
          0,
          null,
          null,
          0,
          null,
          null
        ]
      },
      "/Users/angusmcleod/discourse/discourse/plugins/discourse-landing-pages/app/controllers/landing_pages/admin/admin.rb": {
        "lines": [
          1,
          null,
          1,
          null,
          1,
          0,
          0,
          null,
          null,
          null,
          1,
          0,
          null,
          null,
          1,
          0,
          null,
          null,
          null,
          null,
          null,
          1,
          0,
          null,
          null,
          1,
          0,
          null,
          null,
          null,
          null,
          null,
          1,
          0,
          null,
          null,
          1,
          0,
          null,
          0,
          null,
          0,
          0,
          null,
          0,
          null,
          null,
          null
        ]
      },
      "/Users/angusmcleod/discourse/discourse/plugins/discourse-landing-pages/app/controllers/landing_pages/admin/page.rb": {
        "lines": [
          null,
          null,
          1,
          1,
          null,
          1,
          1,
          1,
          null,
          1,
          0,
          null,
          null,
          null,
          null,
          null,
          null,
          1,
          0,
          null,
          null,
          1,
          0,
          0,
          0,
          null,
          null,
          1,
          0,
          null,
          null,
          1,
          0,
          0,
          null,
          0,
          null,
          null,
          null,
          1,
          0,
          0,
          null,
          0,
          0,
          null,
          null,
          null,
          0,
          null,
          null,
          1,
          0,
          0,
          null,
          0,
          0,
          null,
          0,
          null,
          null,
          null,
          1,
          null,
          1,
          0,
          null,
          null,
          null,
          null,
          null,
          null,
          null,
          null,
          null,
          null,
          1,
          0,
          0,
          null,
          null,
          null
        ]
      },
      "/Users/angusmcleod/discourse/discourse/plugins/discourse-landing-pages/app/controllers/landing_pages/admin/remote.rb": {
        "lines": [
          null,
          null,
          1,
          1,
          0,
          null,
          0,
          0,
          null,
          null,
          null,
          0,
          null,
          null,
          null,
          1,
          0,
          0,
          null,
          0,
          null,
          null,
          null,
          1,
          0,
          0,
          null,
          0,
          null,
          null,
          null,
          null,
          null,
          null,
          1,
          0,
          null,
          0,
          0,
          null,
          0,
          null,
          null,
          null,
          1,
          0,
          null,
          0,
          0,
          null,
          0,
          null,
          null,
          null,
          0,
          null,
          null,
          null,
          1,
          null,
          1,
          0,
          null,
          null,
          null,
          null,
          null,
          null,
          null,
          null
        ]
      },
      "/Users/angusmcleod/discourse/discourse/plugins/discourse-landing-pages/app/jobs/send_contact_email.rb": {
        "lines": [
          1,
          1,
          1,
          0,
          null,
          null,
          null,
          0,
          null,
          0,
          0,
          null,
          null,
          null
        ]
      },
      "/Users/angusmcleod/discourse/discourse/plugins/discourse-landing-pages/app/mailers/contact_mailer.rb": {
        "lines": [
          1,
          1,
          null,
          1,
          0,
          0,
          null,
          null,
          null,
          null,
          null,
          null,
          null,
          null,
          null
        ]
      },
      "/Users/angusmcleod/discourse/discourse/plugins/discourse-landing-pages/extensions/content_security_policy.rb": {
        "lines": [
          1,
          1,
          0,
          0,
          null,
          null,
          0,
          null,
          null,
          null
        ]
      },
      "/Users/angusmcleod/discourse/discourse/plugins/discourse-landing-pages/extensions/upload_validator.rb": {
        "lines": [
          1,
          1,
          66,
          66,
          null,
          0,
          null,
          null,
          1,
          66,
          null,
          0,
          null,
          66,
          null,
          null
        ]
      },
      "/Users/angusmcleod/discourse/discourse/plugins/discourse-landing-pages/extensions/upload_creator.rb": {
        "lines": [
          1,
          1,
          16,
          16,
          null,
          null
        ]
      }
    },
    "timestamp": 1613960385
  }
}
